<?xml version="1.0" encoding="UTF-8"?>
<!-- Generated by org.testng.reporters.JUnitReportReporter -->
<testsuite hostname="DESKTOP-N2HG8IN" failures="0" tests="1" name="MyTest" time="1.026" errors="0" timestamp="2025-09-16T17:54:45 IST" skipped="0">
  <testcase classname="MyTest" name="myTest" time="1.026"/>
</testsuite> <!-- MyTest -->
